TN:
SF:src/mod/event.ts
FN:41,<instance_members_initializer>
FN:44,subscribe
FN:52,unsubscribe
FN:61,notify
FN:66,onEvent
FN:70,get observers
FN:80,update
FN:92,update
FN:104,update
FNF:9
FNH:9
FNDA:6,<instance_members_initializer>
FNDA:17,subscribe
FNDA:2,unsubscribe
FNDA:4,notify
FNDA:3,onEvent
FNDA:6,get observers
FNDA:7,update
FNDA:4,update
FNDA:4,update
DA:1,1
DA:2,1
DA:3,1
DA:4,1
DA:5,1
DA:6,1
DA:7,1
DA:8,1
DA:9,1
DA:10,1
DA:11,1
DA:12,1
DA:13,1
DA:14,1
DA:15,1
DA:16,1
DA:17,1
DA:18,1
DA:19,1
DA:20,1
DA:21,1
DA:22,1
DA:23,1
DA:24,1
DA:25,1
DA:26,1
DA:27,1
DA:28,1
DA:29,1
DA:30,1
DA:31,1
DA:32,1
DA:33,1
DA:34,1
DA:35,1
DA:36,1
DA:37,1
DA:38,1
DA:39,1
DA:40,1
DA:41,1
DA:42,6
DA:43,6
DA:44,6
DA:45,17
DA:46,1
DA:47,17
DA:48,16
DA:49,16
DA:50,17
DA:51,6
DA:52,6
DA:53,2
DA:54,2
DA:55,1
DA:56,1
DA:57,1
DA:58,1
DA:59,2
DA:60,6
DA:61,6
DA:62,4
DA:63,4
DA:64,4
DA:65,6
DA:66,6
DA:67,3
DA:68,3
DA:69,6
DA:70,6
DA:71,6
DA:72,6
DA:73,6
DA:74,1
DA:75,1
DA:76,1
DA:77,1
DA:78,1
DA:79,1
DA:80,1
DA:81,7
DA:82,7
DA:83,7
DA:84,7
DA:85,1
DA:86,1
DA:87,1
DA:88,1
DA:89,1
DA:90,1
DA:91,1
DA:92,1
DA:93,4
DA:94,4
DA:95,4
DA:96,4
DA:97,1
DA:98,1
DA:99,1
DA:100,1
DA:101,1
DA:102,1
DA:103,1
DA:104,1
DA:105,4
DA:106,4
DA:107,4
DA:108,4
DA:109,1
LF:109
LH:109
BRDA:41,0,0,6
BRDA:44,1,0,17
BRDA:45,2,0,1
BRDA:47,3,0,16
BRDA:52,4,0,2
BRDA:54,5,0,1
BRDA:61,6,0,4
BRDA:62,7,0,11
BRDA:66,8,0,3
BRDA:70,9,0,6
BRDA:80,10,0,7
BRDA:92,11,0,4
BRDA:104,12,0,4
BRF:13
BRH:13
end_of_record
