TN:
SF:src/mod/event.ts
FN:16,<instance_members_initializer>
FN:21,subscribe
FN:29,unsubscribe
FN:38,notify
FN:42,onEvent
FN:48,update
FN:54,update
FN:60,update
FNF:8
FNH:8
FNDA:6,<instance_members_initializer>
FNDA:17,subscribe
FNDA:2,unsubscribe
FNDA:4,notify
FNDA:3,onEvent
FNDA:5,update
FNDA:3,update
FNDA:3,update
DA:1,1
DA:2,1
DA:3,1
DA:4,1
DA:5,1
DA:6,1
DA:7,1
DA:8,1
DA:9,1
DA:10,1
DA:11,1
DA:12,1
DA:13,1
DA:14,1
DA:15,1
DA:16,1
DA:17,6
DA:18,6
DA:19,6
DA:20,6
DA:21,6
DA:22,17
DA:23,1
DA:24,17
DA:25,16
DA:26,16
DA:27,17
DA:28,6
DA:29,6
DA:30,2
DA:31,2
DA:32,1
DA:33,1
DA:34,1
DA:35,1
DA:36,2
DA:37,6
DA:38,6
DA:39,4
DA:40,4
DA:41,6
DA:42,6
DA:43,3
DA:44,3
DA:45,6
DA:46,1
DA:47,1
DA:48,1
DA:49,5
DA:50,5
DA:51,1
DA:52,1
DA:53,1
DA:54,1
DA:55,3
DA:56,3
DA:57,1
DA:58,1
DA:59,1
DA:60,1
DA:61,3
DA:62,3
DA:63,1
LF:63
LH:63
BRDA:16,0,0,6
BRDA:21,1,0,17
BRDA:22,2,0,1
BRDA:24,3,0,16
BRDA:29,4,0,2
BRDA:31,5,0,1
BRDA:38,6,0,4
BRDA:39,7,0,11
BRDA:42,8,0,3
BRDA:48,9,0,5
BRDA:54,10,0,3
BRDA:60,11,0,3
BRF:12
BRH:12
end_of_record
